Determining if the pthread_create exist failed with the following output:
Change Dir: /user/0/.base/laguerrr/home/S3/SEPC/tp3/sepc_tp3/build/CMakeFiles/CMakeTmp

Run Build Command:/usr/bin/gmake "cmTryCompileExec2941063076/fast"
/usr/bin/gmake -f CMakeFiles/cmTryCompileExec2941063076.dir/build.make CMakeFiles/cmTryCompileExec2941063076.dir/build
gmake[1]: entrant dans le répertoire « /user/0/.base/laguerrr/home/S3/SEPC/tp3/sepc_tp3/build/CMakeFiles/CMakeTmp »
/usr/bin/cmake -E cmake_progress_report /user/0/.base/laguerrr/home/S3/SEPC/tp3/sepc_tp3/build/CMakeFiles/CMakeTmp/CMakeFiles 1
Building C object CMakeFiles/cmTryCompileExec2941063076.dir/CheckSymbolExists.c.o
/usr/bin/cc    -o CMakeFiles/cmTryCompileExec2941063076.dir/CheckSymbolExists.c.o   -c /user/0/.base/laguerrr/home/S3/SEPC/tp3/sepc_tp3/build/CMakeFiles/CMakeTmp/CheckSymbolExists.c
Linking C executable cmTryCompileExec2941063076
/usr/bin/cmake -E cmake_link_script CMakeFiles/cmTryCompileExec2941063076.dir/link.txt --verbose=1
/usr/bin/cc       CMakeFiles/cmTryCompileExec2941063076.dir/CheckSymbolExists.c.o  -o cmTryCompileExec2941063076 -rdynamic 
CMakeFiles/cmTryCompileExec2941063076.dir/CheckSymbolExists.c.o: In function `main':
CheckSymbolExists.c:(.text+0xc): undefined reference to `pthread_create'
collect2: ld a retourné 1 code d'état d'exécution
gmake[1]: *** [cmTryCompileExec2941063076] Erreur 1
gmake[1]: quittant le répertoire « /user/0/.base/laguerrr/home/S3/SEPC/tp3/sepc_tp3/build/CMakeFiles/CMakeTmp »
gmake: *** [cmTryCompileExec2941063076/fast] Erreur 2

File /user/0/.base/laguerrr/home/S3/SEPC/tp3/sepc_tp3/build/CMakeFiles/CMakeTmp/CheckSymbolExists.c:
/* */
#include <pthread.h>

int main(int argc, char** argv)
{
  (void)argv;
#ifndef pthread_create
  return ((int*)(&pthread_create))[argc];
#else
  (void)argc;
  return 0;
#endif
}

Determining if the function pthread_create exists in the pthreads failed with the following output:
Change Dir: /user/0/.base/laguerrr/home/S3/SEPC/tp3/sepc_tp3/build/CMakeFiles/CMakeTmp

Run Build Command:/usr/bin/gmake "cmTryCompileExec1131212194/fast"
/usr/bin/gmake -f CMakeFiles/cmTryCompileExec1131212194.dir/build.make CMakeFiles/cmTryCompileExec1131212194.dir/build
gmake[1]: entrant dans le répertoire « /user/0/.base/laguerrr/home/S3/SEPC/tp3/sepc_tp3/build/CMakeFiles/CMakeTmp »
/usr/bin/cmake -E cmake_progress_report /user/0/.base/laguerrr/home/S3/SEPC/tp3/sepc_tp3/build/CMakeFiles/CMakeTmp/CMakeFiles 1
Building C object CMakeFiles/cmTryCompileExec1131212194.dir/CheckFunctionExists.c.o
/usr/bin/cc   -DCHECK_FUNCTION_EXISTS=pthread_create   -o CMakeFiles/cmTryCompileExec1131212194.dir/CheckFunctionExists.c.o   -c /usr/share/cmake/Modules/CheckFunctionExists.c
Linking C executable cmTryCompileExec1131212194
/usr/bin/cmake -E cmake_link_script CMakeFiles/cmTryCompileExec1131212194.dir/link.txt --verbose=1
/usr/bin/cc   -DCHECK_FUNCTION_EXISTS=pthread_create    CMakeFiles/cmTryCompileExec1131212194.dir/CheckFunctionExists.c.o  -o cmTryCompileExec1131212194 -rdynamic -lpthreads 
/usr/bin/ld: cannot find -lpthreads
collect2: ld a retourné 1 code d'état d'exécution
gmake[1]: *** [cmTryCompileExec1131212194] Erreur 1
gmake[1]: quittant le répertoire « /user/0/.base/laguerrr/home/S3/SEPC/tp3/sepc_tp3/build/CMakeFiles/CMakeTmp »
gmake: *** [cmTryCompileExec1131212194/fast] Erreur 2


